Starting project at C:\Users\user\OneDrive\Documents\myApp
React Compiler enabled
Metro is running in CI mode, reloads are disabled. Remove CI=true to enable watch mode.
Starting Metro Bundler
Waiting on http://localhost:8083
Logs for your project will appear below.
Web node_modules\expo-router\entry.js ░░░░░░░░░░░░░░░░  0.0% (0/1)
Web node_modules\expo-router\entry.js ▓▓▓░░░░░░░░░░░░░ 23.0% (108/268)
λ node_modules\expo-router\node\render.js ▓▓▓▓▓░░░░░░░░░░░ 36.1% (251/418)
Web node_modules\expo-router\entry.js ▓▓▓▓▓▓▓░░░░░░░░░ 47.6% (425/633)
λ node_modules\expo-router\node\render.js ▓▓▓▓▓▓▓▓▓░░░░░░░ 62.2% (643/843)
Web node_modules\expo-router\entry.js ▓▓▓▓▓▓▓▓░░░░░░░░ 54.2% (612/846)
λ node_modules\expo-router\node\render.js ▓▓▓▓▓▓▓▓▓▓▓░░░░░ 71.8% ( 835/2652)
Web node_modules\expo-router\entry.js ▓▓▓▓▓▓▓▓▓▓░░░░░░ 68.7% ( 830/2644)
λ node_modules\expo-router\node\render.js ▓▓▓▓▓▓▓▓▓▓▓░░░░░ 71.8% (1240/2736)
Web node_modules\expo-router\entry.js ▓▓▓▓▓▓▓▓▓▓▓▓▓▓░░ 92.3% (2719/2834)
λ node_modules\expo-router\node\render.js ▓▓▓▓▓▓▓▓▓▓▓▓▓▓▓░ 95.9% (2861/2921)
Web node_modules\expo-router\entry.js ▓▓▓▓▓▓▓▓▓▓▓▓▓▓▓░ 97.4% (2936/2975)
λ node_modules\expo-router\node\render.js ▓▓▓▓▓▓▓▓▓▓▓▓▓▓▓░ 97.8% (3028/3062)
λ Bundled 26540ms node_modules\expo-router\node\render.js (3083 modules)
Web node_modules\expo-router\entry.js ▓▓▓▓▓▓▓▓▓▓▓▓▓▓▓░ 99.9% (3075/3075)
Web Bundled 30201ms node_modules\expo-router\entry.js (3075 modules)
Web node_modules\expo-router\entry.js ▓▓▓▓▓▓▓▓▓▓▓▓▓▓▓░ 99.9% (3075/3075)
Web node_modules\expo-router\entry.js ░░░░░░░░░░░░░░░░  0.0% (0/1)
λ Bundled 4799ms node_modules\expo-router\node\render.js (1 module)
Web node_modules\expo-router\entry.js ░░░░░░░░░░░░░░░░  0.0% (0/1)
Web Bundled 6547ms node_modules\expo-router\entry.js (1 module)
Web node_modules\expo-router\entry.js ░░░░░░░░░░░░░░░░  0.0% (0/1)
λ Bundled 358ms node_modules\expo-router\node\render.js (1 module)
Web Bundled 3289ms node_modules\expo-router\entry.js (1 module)
Web node_modules\expo-router\entry.js ░░░░░░░░░░░░░░░░  0.0% (0/1)
λ Bundled 500ms node_modules\expo-router\node\render.js (1 module)
Web node_modules\expo-router\entry.js ░░░░░░░░░░░░░░░░  0.0% (0/1)
Web Bundled 3832ms node_modules\expo-router\entry.js (1 module)
Web node_modules\expo-router\entry.js ░░░░░░░░░░░░░░░░  0.0% (0/1)
Web node_modules\expo-router\entry.js ░░░░░░░░░░░░░░░░  0.0% (0/1)
λ Bundled 328ms node_modules\expo-router\node\render.js (1 module)
Web Bundled 2044ms node_modules\expo-router\entry.js (1 module)
Web node_modules\expo-router\entry.js ░░░░░░░░░░░░░░░░  0.0% (0/1)
λ Bundled 665ms node_modules\expo-router\node\render.js (1 module)
Web Bundled 2388ms node_modules\expo-router\entry.js (1 module)
Web node_modules\expo-router\entry.js ░░░░░░░░░░░░░░░░  0.0% (0/1)
λ Bundled 293ms node_modules\expo-router\node\render.js (1 module)
Web Bundled 2695ms node_modules\expo-router\entry.js (1 module)
Web node_modules\expo-router\entry.js ░░░░░░░░░░░░░░░░  0.0% (0/1)
λ Bundled 245ms node_modules\expo-router\node\render.js (1 module)
Web Bundled 1908ms node_modules\expo-router\entry.js (1 module)
