Error while reading cache, falling back to a full crawl:
 Error: Unable to deserialize cloned data.
    at deserialize (node:v8:469:14)
    at DiskCacheManager.read (C:\Users\user\OneDrive\Documents\myApp\node_modules\@expo\metro\node_modules\metro-file-map\src\cache\DiskCacheManager.js:60:33)
    at FileMap.read (C:\Users\user\OneDrive\Documents\myApp\node_modules\@expo\metro\node_modules\metro-file-map\src\index.js:284:14)
    at C:\Users\user\OneDrive\Documents\myApp\node_modules\@expo\metro\node_modules\metro-file-map\src\index.js:202:25
    at DependencyGraph.ready (C:\Users\user\OneDrive\Documents\myApp\node_modules\@expo\metro\node_modules\metro\src\node-haste\DependencyGraph.js:88:5)
    at Bundler.ready (C:\Users\user\OneDrive\Documents\myApp\node_modules\@expo\metro\node_modules\metro\src\Bundler.js:62:5)
    at IncrementalBundler.ready (C:\Users\user\OneDrive\Documents\myApp\node_modules\@expo\metro\node_modules\metro\src\IncrementalBundler.js:302:5)
    at Server.ready (C:\Users\user\OneDrive\Documents\myApp\node_modules\@expo\metro\node_modules\metro\src\Server.js:1305:5)
The following packages should be updated for best compatibility with the installed expo version:
  expo@54.0.30 - expected version: ~54.0.33
  expo-constants@18.0.12 - expected version: ~18.0.13
  expo-font@14.0.10 - expected version: ~14.0.11
  expo-notifications@0.32.15 - expected version: ~0.32.16
  expo-router@6.0.21 - expected version: ~6.0.23
Your project may not work correctly until you install the expected versions of the packages.
[expo-av]: Expo AV has been deprecated and will be removed in SDK 54. Use the `expo-audio` and `expo-video` packages to replace the required functionality.
λ  WARN  "shadow*" style props are deprecated. Use "boxShadow". 
  console.warn (C:\Users\user\OneDrive\Documents\myApp\node_modules\expo\node_modules\@expo\cli\src\start\server\serverLogLikeMetro.ts:161:21)
  warnOnce (C:\Users\user\OneDrive\Documents\myApp\node_modules\react-native-web\dist\modules\warnOnce\index.js:24:13)
  preprocess (C:\Users\user\OneDrive\Documents\myApp\node_modules\react-native-web\dist\exports\StyleSheet\preprocess.js:136:13)
  compileAndInsertAtomic (C:\Users\user\OneDrive\Documents\myApp\node_modules\react-native-web\dist\exports\StyleSheet\index.js:56:34)
  forEach (C:\Users\user\OneDrive\Documents\myApp\node_modules\react-native-web\dist\exports\StyleSheet\index.js:99:26)
  StyleSheet.create (C:\Users\user\OneDrive\Documents\myApp\node_modules\react-native-web\dist\exports\StyleSheet\index.js:87:23)
  createStyles (C:\Users\user\OneDrive\Documents\myApp\app\(tabs)\index.tsx:2353:21)
  Component (C:\Users\user\OneDrive\Documents\myApp\app\(tabs)\index.tsx:234:18)
  Object.react-stack-bottom-frame (C:\Users\user\OneDrive\Documents\myApp\node_modules\react-dom\cjs\react-dom-server-legacy.node.development.js:8970:18)
λ  WARN  props.pointerEvents is deprecated. Use style.pointerEvents 
  console.warn (C:\Users\user\OneDrive\Documents\myApp\node_modules\expo\node_modules\@expo\cli\src\start\server\serverLogLikeMetro.ts:161:21)
  warnOnce (C:\Users\user\OneDrive\Documents\myApp\node_modules\react-native-web\dist\modules\warnOnce\index.js:24:13)
  createDOMProps (C:\Users\user\OneDrive\Documents\myApp\node_modules\react-native-web\dist\modules\createDOMProps\index.js:805:13)
  createElement (C:\Users\user\OneDrive\Documents\myApp\node_modules\react-native-web\dist\exports\createElement\index.js:23:32)
  Component (C:\Users\user\OneDrive\Documents\myApp\node_modules\react-native-web\dist\exports\View\index.js:111:23)
  Object.callComponentInDEV [as react-stack-bottom-frame] (C:\Users\user\OneDrive\Documents\myApp\node_modules\react-dom\cjs\react-dom-server-legacy.node.development.js:8970:18)
  renderWithHooks (C:\Users\user\OneDrive\Documents\myApp\node_modules\react-dom\cjs\react-dom-server-legacy.node.development.js:4699:19)
  run (C:\Users\user\OneDrive\Documents\myApp\node_modules\react-dom\cjs\react-dom-server-legacy.node.development.js:5539:39)
  retryNode (C:\Users\user\OneDrive\Documents\myApp\node_modules\react-dom\cjs\react-dom-server-legacy.node.development.js:5899:31)
  renderNodeDestructive (C:\Users\user\OneDrive\Documents\myApp\node_modules\react-dom\cjs\react-dom-server-legacy.node.development.js:5849:11)
Error: Cannot pipe to a closed or destroyed stream
    at pipelineImpl (node:internal/streams/pipeline:264:15)
    at node:stream/promises:31:5
    at new Promise (<anonymous>)
    at pipeline (node:stream/promises:20:10)
    at respond (C:\Users\user\OneDrive\Documents\myApp\node_modules\expo-server\src\vendor\http.ts:138:19)
    at C:\Users\user\OneDrive\Documents\myApp\node_modules\expo-server\src\vendor\http.ts:68:13
[expo-av]: Expo AV has been deprecated and will be removed in SDK 54. Use the `expo-audio` and `expo-video` packages to replace the required functionality.
λ  WARN  "shadow*" style props are deprecated. Use "boxShadow". 
  console.warn (C:\Users\user\OneDrive\Documents\myApp\node_modules\expo\node_modules\@expo\cli\src\start\server\serverLogLikeMetro.ts:161:21)
  warnOnce (C:\Users\user\OneDrive\Documents\myApp\node_modules\react-native-web\dist\modules\warnOnce\index.js:24:13)
  preprocess (C:\Users\user\OneDrive\Documents\myApp\node_modules\react-native-web\dist\exports\StyleSheet\preprocess.js:136:13)
  compileAndInsertAtomic (C:\Users\user\OneDrive\Documents\myApp\node_modules\react-native-web\dist\exports\StyleSheet\index.js:56:34)
  forEach (C:\Users\user\OneDrive\Documents\myApp\node_modules\react-native-web\dist\exports\StyleSheet\index.js:99:26)
  StyleSheet.create (C:\Users\user\OneDrive\Documents\myApp\node_modules\react-native-web\dist\exports\StyleSheet\index.js:87:23)
  createStyles (C:\Users\user\OneDrive\Documents\myApp\app\(tabs)\index.tsx:2353:21)
  Component (C:\Users\user\OneDrive\Documents\myApp\app\(tabs)\index.tsx:234:18)
  Object.react-stack-bottom-frame (C:\Users\user\OneDrive\Documents\myApp\node_modules\react-dom\cjs\react-dom-server-legacy.node.development.js:8970:18)
λ  WARN  props.pointerEvents is deprecated. Use style.pointerEvents 
  console.warn (C:\Users\user\OneDrive\Documents\myApp\node_modules\expo\node_modules\@expo\cli\src\start\server\serverLogLikeMetro.ts:161:21)
  warnOnce (C:\Users\user\OneDrive\Documents\myApp\node_modules\react-native-web\dist\modules\warnOnce\index.js:24:13)
  createDOMProps (C:\Users\user\OneDrive\Documents\myApp\node_modules\react-native-web\dist\modules\createDOMProps\index.js:805:13)
  createElement (C:\Users\user\OneDrive\Documents\myApp\node_modules\react-native-web\dist\exports\createElement\index.js:23:32)
  Component (C:\Users\user\OneDrive\Documents\myApp\node_modules\react-native-web\dist\exports\View\index.js:111:23)
  Object.callComponentInDEV [as react-stack-bottom-frame] (C:\Users\user\OneDrive\Documents\myApp\node_modules\react-dom\cjs\react-dom-server-legacy.node.development.js:8970:18)
  renderWithHooks (C:\Users\user\OneDrive\Documents\myApp\node_modules\react-dom\cjs\react-dom-server-legacy.node.development.js:4699:19)
  run (C:\Users\user\OneDrive\Documents\myApp\node_modules\react-dom\cjs\react-dom-server-legacy.node.development.js:5539:39)
  retryNode (C:\Users\user\OneDrive\Documents\myApp\node_modules\react-dom\cjs\react-dom-server-legacy.node.development.js:5899:31)
  renderNodeDestructive (C:\Users\user\OneDrive\Documents\myApp\node_modules\react-dom\cjs\react-dom-server-legacy.node.development.js:5849:11)
Error: Cannot pipe to a closed or destroyed stream
    at pipelineImpl (node:internal/streams/pipeline:264:15)
    at node:stream/promises:31:5
    at new Promise (<anonymous>)
    at pipeline (node:stream/promises:20:10)
    at respond (C:\Users\user\OneDrive\Documents\myApp\node_modules\expo-server\src\vendor\http.ts:138:19)
    at C:\Users\user\OneDrive\Documents\myApp\node_modules\expo-server\src\vendor\http.ts:68:13
[expo-av]: Expo AV has been deprecated and will be removed in SDK 54. Use the `expo-audio` and `expo-video` packages to replace the required functionality.
λ  WARN  "shadow*" style props are deprecated. Use "boxShadow". 
  console.warn (C:\Users\user\OneDrive\Documents\myApp\node_modules\expo\node_modules\@expo\cli\src\start\server\serverLogLikeMetro.ts:161:21)
  warnOnce (C:\Users\user\OneDrive\Documents\myApp\node_modules\react-native-web\dist\modules\warnOnce\index.js:24:13)
  preprocess (C:\Users\user\OneDrive\Documents\myApp\node_modules\react-native-web\dist\exports\StyleSheet\preprocess.js:136:13)
  compileAndInsertAtomic (C:\Users\user\OneDrive\Documents\myApp\node_modules\react-native-web\dist\exports\StyleSheet\index.js:56:34)
  forEach (C:\Users\user\OneDrive\Documents\myApp\node_modules\react-native-web\dist\exports\StyleSheet\index.js:99:26)
  StyleSheet.create (C:\Users\user\OneDrive\Documents\myApp\node_modules\react-native-web\dist\exports\StyleSheet\index.js:87:23)
  createStyles (C:\Users\user\OneDrive\Documents\myApp\app\(tabs)\index.tsx:2353:21)
  Component (C:\Users\user\OneDrive\Documents\myApp\app\(tabs)\index.tsx:234:18)
  Object.react-stack-bottom-frame (C:\Users\user\OneDrive\Documents\myApp\node_modules\react-dom\cjs\react-dom-server-legacy.node.development.js:8970:18)
λ  WARN  props.pointerEvents is deprecated. Use style.pointerEvents 
  console.warn (C:\Users\user\OneDrive\Documents\myApp\node_modules\expo\node_modules\@expo\cli\src\start\server\serverLogLikeMetro.ts:161:21)
  warnOnce (C:\Users\user\OneDrive\Documents\myApp\node_modules\react-native-web\dist\modules\warnOnce\index.js:24:13)
  createDOMProps (C:\Users\user\OneDrive\Documents\myApp\node_modules\react-native-web\dist\modules\createDOMProps\index.js:805:13)
  createElement (C:\Users\user\OneDrive\Documents\myApp\node_modules\react-native-web\dist\exports\createElement\index.js:23:32)
  Component (C:\Users\user\OneDrive\Documents\myApp\node_modules\react-native-web\dist\exports\View\index.js:111:23)
  Object.callComponentInDEV [as react-stack-bottom-frame] (C:\Users\user\OneDrive\Documents\myApp\node_modules\react-dom\cjs\react-dom-server-legacy.node.development.js:8970:18)
  renderWithHooks (C:\Users\user\OneDrive\Documents\myApp\node_modules\react-dom\cjs\react-dom-server-legacy.node.development.js:4699:19)
  run (C:\Users\user\OneDrive\Documents\myApp\node_modules\react-dom\cjs\react-dom-server-legacy.node.development.js:5539:39)
  retryNode (C:\Users\user\OneDrive\Documents\myApp\node_modules\react-dom\cjs\react-dom-server-legacy.node.development.js:5899:31)
  renderNodeDestructive (C:\Users\user\OneDrive\Documents\myApp\node_modules\react-dom\cjs\react-dom-server-legacy.node.development.js:5849:11)
[expo-av]: Expo AV has been deprecated and will be removed in SDK 54. Use the `expo-audio` and `expo-video` packages to replace the required functionality.
λ  WARN  "shadow*" style props are deprecated. Use "boxShadow". 
  console.warn (C:\Users\user\OneDrive\Documents\myApp\node_modules\expo\node_modules\@expo\cli\src\start\server\serverLogLikeMetro.ts:161:21)
  warnOnce (C:\Users\user\OneDrive\Documents\myApp\node_modules\react-native-web\dist\modules\warnOnce\index.js:24:13)
  preprocess (C:\Users\user\OneDrive\Documents\myApp\node_modules\react-native-web\dist\exports\StyleSheet\preprocess.js:136:13)
  compileAndInsertAtomic (C:\Users\user\OneDrive\Documents\myApp\node_modules\react-native-web\dist\exports\StyleSheet\index.js:56:34)
  forEach (C:\Users\user\OneDrive\Documents\myApp\node_modules\react-native-web\dist\exports\StyleSheet\index.js:99:26)
  StyleSheet.create (C:\Users\user\OneDrive\Documents\myApp\node_modules\react-native-web\dist\exports\StyleSheet\index.js:87:23)
  createStyles (C:\Users\user\OneDrive\Documents\myApp\app\(tabs)\index.tsx:2353:21)
  Component (C:\Users\user\OneDrive\Documents\myApp\app\(tabs)\index.tsx:234:18)
  Object.react-stack-bottom-frame (C:\Users\user\OneDrive\Documents\myApp\node_modules\react-dom\cjs\react-dom-server-legacy.node.development.js:8970:18)
λ  WARN  props.pointerEvents is deprecated. Use style.pointerEvents 
  console.warn (C:\Users\user\OneDrive\Documents\myApp\node_modules\expo\node_modules\@expo\cli\src\start\server\serverLogLikeMetro.ts:161:21)
  warnOnce (C:\Users\user\OneDrive\Documents\myApp\node_modules\react-native-web\dist\modules\warnOnce\index.js:24:13)
  createDOMProps (C:\Users\user\OneDrive\Documents\myApp\node_modules\react-native-web\dist\modules\createDOMProps\index.js:805:13)
  createElement (C:\Users\user\OneDrive\Documents\myApp\node_modules\react-native-web\dist\exports\createElement\index.js:23:32)
  Component (C:\Users\user\OneDrive\Documents\myApp\node_modules\react-native-web\dist\exports\View\index.js:111:23)
  Object.callComponentInDEV [as react-stack-bottom-frame] (C:\Users\user\OneDrive\Documents\myApp\node_modules\react-dom\cjs\react-dom-server-legacy.node.development.js:8970:18)
  renderWithHooks (C:\Users\user\OneDrive\Documents\myApp\node_modules\react-dom\cjs\react-dom-server-legacy.node.development.js:4699:19)
  run (C:\Users\user\OneDrive\Documents\myApp\node_modules\react-dom\cjs\react-dom-server-legacy.node.development.js:5539:39)
  retryNode (C:\Users\user\OneDrive\Documents\myApp\node_modules\react-dom\cjs\react-dom-server-legacy.node.development.js:5899:31)
  renderNodeDestructive (C:\Users\user\OneDrive\Documents\myApp\node_modules\react-dom\cjs\react-dom-server-legacy.node.development.js:5849:11)
[expo-av]: Expo AV has been deprecated and will be removed in SDK 54. Use the `expo-audio` and `expo-video` packages to replace the required functionality.
λ  WARN  "shadow*" style props are deprecated. Use "boxShadow". 
  console.warn (C:\Users\user\OneDrive\Documents\myApp\node_modules\expo\node_modules\@expo\cli\src\start\server\serverLogLikeMetro.ts:161:21)
  warnOnce (C:\Users\user\OneDrive\Documents\myApp\node_modules\react-native-web\dist\modules\warnOnce\index.js:24:13)
  preprocess (C:\Users\user\OneDrive\Documents\myApp\node_modules\react-native-web\dist\exports\StyleSheet\preprocess.js:136:13)
  compileAndInsertAtomic (C:\Users\user\OneDrive\Documents\myApp\node_modules\react-native-web\dist\exports\StyleSheet\index.js:56:34)
  forEach (C:\Users\user\OneDrive\Documents\myApp\node_modules\react-native-web\dist\exports\StyleSheet\index.js:99:26)
  StyleSheet.create (C:\Users\user\OneDrive\Documents\myApp\node_modules\react-native-web\dist\exports\StyleSheet\index.js:87:23)
  createStyles (C:\Users\user\OneDrive\Documents\myApp\app\(tabs)\index.tsx:2353:21)
  Component (C:\Users\user\OneDrive\Documents\myApp\app\(tabs)\index.tsx:234:18)
  Object.react-stack-bottom-frame (C:\Users\user\OneDrive\Documents\myApp\node_modules\react-dom\cjs\react-dom-server-legacy.node.development.js:8970:18)
λ  WARN  props.pointerEvents is deprecated. Use style.pointerEvents 
  console.warn (C:\Users\user\OneDrive\Documents\myApp\node_modules\expo\node_modules\@expo\cli\src\start\server\serverLogLikeMetro.ts:161:21)
  warnOnce (C:\Users\user\OneDrive\Documents\myApp\node_modules\react-native-web\dist\modules\warnOnce\index.js:24:13)
  createDOMProps (C:\Users\user\OneDrive\Documents\myApp\node_modules\react-native-web\dist\modules\createDOMProps\index.js:805:13)
  createElement (C:\Users\user\OneDrive\Documents\myApp\node_modules\react-native-web\dist\exports\createElement\index.js:23:32)
  Component (C:\Users\user\OneDrive\Documents\myApp\node_modules\react-native-web\dist\exports\View\index.js:111:23)
  Object.callComponentInDEV [as react-stack-bottom-frame] (C:\Users\user\OneDrive\Documents\myApp\node_modules\react-dom\cjs\react-dom-server-legacy.node.development.js:8970:18)
  renderWithHooks (C:\Users\user\OneDrive\Documents\myApp\node_modules\react-dom\cjs\react-dom-server-legacy.node.development.js:4699:19)
  run (C:\Users\user\OneDrive\Documents\myApp\node_modules\react-dom\cjs\react-dom-server-legacy.node.development.js:5539:39)
  retryNode (C:\Users\user\OneDrive\Documents\myApp\node_modules\react-dom\cjs\react-dom-server-legacy.node.development.js:5899:31)
  renderNodeDestructive (C:\Users\user\OneDrive\Documents\myApp\node_modules\react-dom\cjs\react-dom-server-legacy.node.development.js:5849:11)
[expo-av]: Expo AV has been deprecated and will be removed in SDK 54. Use the `expo-audio` and `expo-video` packages to replace the required functionality.
λ  WARN  "shadow*" style props are deprecated. Use "boxShadow". 
  console.warn (C:\Users\user\OneDrive\Documents\myApp\node_modules\expo\node_modules\@expo\cli\src\start\server\serverLogLikeMetro.ts:161:21)
  warnOnce (C:\Users\user\OneDrive\Documents\myApp\node_modules\react-native-web\dist\modules\warnOnce\index.js:24:13)
  preprocess (C:\Users\user\OneDrive\Documents\myApp\node_modules\react-native-web\dist\exports\StyleSheet\preprocess.js:136:13)
  compileAndInsertAtomic (C:\Users\user\OneDrive\Documents\myApp\node_modules\react-native-web\dist\exports\StyleSheet\index.js:56:34)
  forEach (C:\Users\user\OneDrive\Documents\myApp\node_modules\react-native-web\dist\exports\StyleSheet\index.js:99:26)
  StyleSheet.create (C:\Users\user\OneDrive\Documents\myApp\node_modules\react-native-web\dist\exports\StyleSheet\index.js:87:23)
  createStyles (C:\Users\user\OneDrive\Documents\myApp\app\(tabs)\index.tsx:2353:21)
  Component (C:\Users\user\OneDrive\Documents\myApp\app\(tabs)\index.tsx:234:18)
  Object.react-stack-bottom-frame (C:\Users\user\OneDrive\Documents\myApp\node_modules\react-dom\cjs\react-dom-server-legacy.node.development.js:8970:18)
λ  WARN  props.pointerEvents is deprecated. Use style.pointerEvents 
  console.warn (C:\Users\user\OneDrive\Documents\myApp\node_modules\expo\node_modules\@expo\cli\src\start\server\serverLogLikeMetro.ts:161:21)
  warnOnce (C:\Users\user\OneDrive\Documents\myApp\node_modules\react-native-web\dist\modules\warnOnce\index.js:24:13)
  createDOMProps (C:\Users\user\OneDrive\Documents\myApp\node_modules\react-native-web\dist\modules\createDOMProps\index.js:805:13)
  createElement (C:\Users\user\OneDrive\Documents\myApp\node_modules\react-native-web\dist\exports\createElement\index.js:23:32)
  Component (C:\Users\user\OneDrive\Documents\myApp\node_modules\react-native-web\dist\exports\View\index.js:111:23)
  Object.callComponentInDEV [as react-stack-bottom-frame] (C:\Users\user\OneDrive\Documents\myApp\node_modules\react-dom\cjs\react-dom-server-legacy.node.development.js:8970:18)
  renderWithHooks (C:\Users\user\OneDrive\Documents\myApp\node_modules\react-dom\cjs\react-dom-server-legacy.node.development.js:4699:19)
  run (C:\Users\user\OneDrive\Documents\myApp\node_modules\react-dom\cjs\react-dom-server-legacy.node.development.js:5539:39)
  retryNode (C:\Users\user\OneDrive\Documents\myApp\node_modules\react-dom\cjs\react-dom-server-legacy.node.development.js:5899:31)
  renderNodeDestructive (C:\Users\user\OneDrive\Documents\myApp\node_modules\react-dom\cjs\react-dom-server-legacy.node.development.js:5849:11)
[expo-av]: Expo AV has been deprecated and will be removed in SDK 54. Use the `expo-audio` and `expo-video` packages to replace the required functionality.
λ  WARN  "shadow*" style props are deprecated. Use "boxShadow". 
  console.warn (C:\Users\user\OneDrive\Documents\myApp\node_modules\expo\node_modules\@expo\cli\src\start\server\serverLogLikeMetro.ts:161:21)
  warnOnce (C:\Users\user\OneDrive\Documents\myApp\node_modules\react-native-web\dist\modules\warnOnce\index.js:24:13)
  preprocess (C:\Users\user\OneDrive\Documents\myApp\node_modules\react-native-web\dist\exports\StyleSheet\preprocess.js:136:13)
  compileAndInsertAtomic (C:\Users\user\OneDrive\Documents\myApp\node_modules\react-native-web\dist\exports\StyleSheet\index.js:56:34)
  forEach (C:\Users\user\OneDrive\Documents\myApp\node_modules\react-native-web\dist\exports\StyleSheet\index.js:99:26)
  StyleSheet.create (C:\Users\user\OneDrive\Documents\myApp\node_modules\react-native-web\dist\exports\StyleSheet\index.js:87:23)
  createStyles (C:\Users\user\OneDrive\Documents\myApp\app\(tabs)\index.tsx:2353:21)
  Component (C:\Users\user\OneDrive\Documents\myApp\app\(tabs)\index.tsx:234:18)
  Object.react-stack-bottom-frame (C:\Users\user\OneDrive\Documents\myApp\node_modules\react-dom\cjs\react-dom-server-legacy.node.development.js:8970:18)
λ  WARN  props.pointerEvents is deprecated. Use style.pointerEvents 
  console.warn (C:\Users\user\OneDrive\Documents\myApp\node_modules\expo\node_modules\@expo\cli\src\start\server\serverLogLikeMetro.ts:161:21)
  warnOnce (C:\Users\user\OneDrive\Documents\myApp\node_modules\react-native-web\dist\modules\warnOnce\index.js:24:13)
  createDOMProps (C:\Users\user\OneDrive\Documents\myApp\node_modules\react-native-web\dist\modules\createDOMProps\index.js:805:13)
  createElement (C:\Users\user\OneDrive\Documents\myApp\node_modules\react-native-web\dist\exports\createElement\index.js:23:32)
  Component (C:\Users\user\OneDrive\Documents\myApp\node_modules\react-native-web\dist\exports\View\index.js:111:23)
  Object.callComponentInDEV [as react-stack-bottom-frame] (C:\Users\user\OneDrive\Documents\myApp\node_modules\react-dom\cjs\react-dom-server-legacy.node.development.js:8970:18)
  renderWithHooks (C:\Users\user\OneDrive\Documents\myApp\node_modules\react-dom\cjs\react-dom-server-legacy.node.development.js:4699:19)
  run (C:\Users\user\OneDrive\Documents\myApp\node_modules\react-dom\cjs\react-dom-server-legacy.node.development.js:5539:39)
  retryNode (C:\Users\user\OneDrive\Documents\myApp\node_modules\react-dom\cjs\react-dom-server-legacy.node.development.js:5899:31)
  renderNodeDestructive (C:\Users\user\OneDrive\Documents\myApp\node_modules\react-dom\cjs\react-dom-server-legacy.node.development.js:5849:11)
[expo-av]: Expo AV has been deprecated and will be removed in SDK 54. Use the `expo-audio` and `expo-video` packages to replace the required functionality.
λ  WARN  "shadow*" style props are deprecated. Use "boxShadow". 
  console.warn (C:\Users\user\OneDrive\Documents\myApp\node_modules\expo\node_modules\@expo\cli\src\start\server\serverLogLikeMetro.ts:161:21)
  warnOnce (C:\Users\user\OneDrive\Documents\myApp\node_modules\react-native-web\dist\modules\warnOnce\index.js:24:13)
  preprocess (C:\Users\user\OneDrive\Documents\myApp\node_modules\react-native-web\dist\exports\StyleSheet\preprocess.js:136:13)
  compileAndInsertAtomic (C:\Users\user\OneDrive\Documents\myApp\node_modules\react-native-web\dist\exports\StyleSheet\index.js:56:34)
  forEach (C:\Users\user\OneDrive\Documents\myApp\node_modules\react-native-web\dist\exports\StyleSheet\index.js:99:26)
  StyleSheet.create (C:\Users\user\OneDrive\Documents\myApp\node_modules\react-native-web\dist\exports\StyleSheet\index.js:87:23)
  createStyles (C:\Users\user\OneDrive\Documents\myApp\app\(tabs)\index.tsx:2353:21)
  Component (C:\Users\user\OneDrive\Documents\myApp\app\(tabs)\index.tsx:234:18)
  Object.react-stack-bottom-frame (C:\Users\user\OneDrive\Documents\myApp\node_modules\react-dom\cjs\react-dom-server-legacy.node.development.js:8970:18)
λ  WARN  props.pointerEvents is deprecated. Use style.pointerEvents 
  console.warn (C:\Users\user\OneDrive\Documents\myApp\node_modules\expo\node_modules\@expo\cli\src\start\server\serverLogLikeMetro.ts:161:21)
  warnOnce (C:\Users\user\OneDrive\Documents\myApp\node_modules\react-native-web\dist\modules\warnOnce\index.js:24:13)
  createDOMProps (C:\Users\user\OneDrive\Documents\myApp\node_modules\react-native-web\dist\modules\createDOMProps\index.js:805:13)
  createElement (C:\Users\user\OneDrive\Documents\myApp\node_modules\react-native-web\dist\exports\createElement\index.js:23:32)
  Component (C:\Users\user\OneDrive\Documents\myApp\node_modules\react-native-web\dist\exports\View\index.js:111:23)
  Object.callComponentInDEV [as react-stack-bottom-frame] (C:\Users\user\OneDrive\Documents\myApp\node_modules\react-dom\cjs\react-dom-server-legacy.node.development.js:8970:18)
  renderWithHooks (C:\Users\user\OneDrive\Documents\myApp\node_modules\react-dom\cjs\react-dom-server-legacy.node.development.js:4699:19)
  run (C:\Users\user\OneDrive\Documents\myApp\node_modules\react-dom\cjs\react-dom-server-legacy.node.development.js:5539:39)
  retryNode (C:\Users\user\OneDrive\Documents\myApp\node_modules\react-dom\cjs\react-dom-server-legacy.node.development.js:5899:31)
  renderNodeDestructive (C:\Users\user\OneDrive\Documents\myApp\node_modules\react-dom\cjs\react-dom-server-legacy.node.development.js:5849:11)
